<?xml version="1.0" encoding="UTF-8"?>
<testng-results ignored="0" total="2" passed="2" failed="0" skipped="0">
  <reporter-output>
  </reporter-output>
  <suite started-at="2025-11-09T00:41:11 IST" name="Suite" finished-at="2025-11-09T00:41:11 IST" duration-ms="148">
    <groups>
    </groups>
    <test started-at="2025-11-09T00:41:11 IST" name="Test" finished-at="2025-11-09T00:41:11 IST" duration-ms="148">
      <class name="project_2.OrgTest">
        <test-method signature="createOrgTest()[pri:0, instance:project_2.OrgTest@6f1de4c7]" started-at="2025-11-09T00:41:11 IST" name="createOrgTest" finished-at="2025-11-09T00:41:11 IST" duration-ms="26" status="PASS">
          <reporter-output>
          </reporter-output>
        </test-method> <!-- createOrgTest -->
        <test-method signature="modifyOrgTest()[pri:0, instance:project_2.OrgTest@6f1de4c7]" started-at="2025-11-09T00:41:11 IST" name="modifyOrgTest" finished-at="2025-11-09T00:41:11 IST" duration-ms="4" status="PASS">
          <reporter-output>
          </reporter-output>
        </test-method> <!-- modifyOrgTest -->
      </class> <!-- project_2.OrgTest -->
    </test> <!-- Test -->
  </suite> <!-- Suite -->
</testng-results>
