<?xml version="1.0" encoding="UTF-8"?>
<testng-results ignored="0" total="4" passed="4" failed="0" skipped="0">
  <reporter-output>
  </reporter-output>
  <suite started-at="2025-11-08T12:01:48 IST" name="Default suite" finished-at="2025-11-08T12:01:48 IST" duration-ms="155">
    <groups>
    </groups>
    <test started-at="2025-11-08T12:01:48 IST" name="Default test" finished-at="2025-11-08T12:01:48 IST" duration-ms="155">
      <class name="project_2.OrgTest">
        <test-method signature="createOrgTest()[pri:0, instance:project_2.OrgTest@459e9125]" started-at="2025-11-08T12:01:48 IST" name="createOrgTest" finished-at="2025-11-08T12:01:48 IST" duration-ms="23" status="PASS">
          <reporter-output>
          </reporter-output>
        </test-method> <!-- createOrgTest -->
        <test-method signature="modifyOrgTest()[pri:0, instance:project_2.OrgTest@459e9125]" started-at="2025-11-08T12:01:48 IST" name="modifyOrgTest" finished-at="2025-11-08T12:01:48 IST" duration-ms="3" status="PASS">
          <reporter-output>
          </reporter-output>
        </test-method> <!-- modifyOrgTest -->
      </class> <!-- project_2.OrgTest -->
      <class name="project_1.ContactTest">
        <test-method signature="createContactTest()[pri:0, instance:project_1.ContactTest@48f2bd5b]" started-at="2025-11-08T12:01:48 IST" name="createContactTest" finished-at="2025-11-08T12:01:48 IST" duration-ms="6" status="PASS">
          <reporter-output>
          </reporter-output>
        </test-method> <!-- createContactTest -->
        <test-method signature="modifyContactTest()[pri:0, instance:project_1.ContactTest@48f2bd5b]" started-at="2025-11-08T12:01:48 IST" name="modifyContactTest" finished-at="2025-11-08T12:01:48 IST" duration-ms="3" status="PASS">
          <reporter-output>
          </reporter-output>
        </test-method> <!-- modifyContactTest -->
      </class> <!-- project_1.ContactTest -->
    </test> <!-- Default test -->
  </suite> <!-- Default suite -->
</testng-results>
