<?xml version="1.0" encoding="UTF-8"?>
<!-- Generated by org.testng.reporters.JUnitXMLReporter -->
<testsuite ignored="0" hostname="sams" failures="0" tests="4" name="Default test" time="0.155" errors="0" timestamp="2025-11-08T12:01:48 IST">
  <testcase classname="project_2.OrgTest" name="createOrgTest" time="0.023"/>
  <testcase classname="project_2.OrgTest" name="modifyOrgTest" time="0.003"/>
  <testcase classname="project_1.ContactTest" name="createContactTest" time="0.006"/>
  <testcase classname="project_1.ContactTest" name="modifyContactTest" time="0.003"/>
</testsuite> <!-- Default test -->
